<?xml version="1.0" encoding="UTF-8"?>
<testsuite name="com.mindhub.homebanking.HomebankingApplicationTests" tests="1" skipped="0" failures="0" errors="0" timestamp="2023-01-22T20:09:51" hostname="LUCIA" time="0.233">
  <properties/>
  <testcase name="contextLoads()" classname="com.mindhub.homebanking.HomebankingApplicationTests" time="0.233"/>
  <system-out><![CDATA[17:09:41.146 [Test worker] DEBUG org.springframework.test.context.BootstrapUtils - Instantiating CacheAwareContextLoaderDelegate from class [org.springframework.test.context.cache.DefaultCacheAwareContextLoaderDelegate]
17:09:41.164 [Test worker] DEBUG org.springframework.test.context.BootstrapUtils - Instantiating BootstrapContext using constructor [public org.springframework.test.context.support.DefaultBootstrapContext(java.lang.Class,org.springframework.test.context.CacheAwareContextLoaderDelegate)]
17:09:41.213 [Test worker] DEBUG org.springframework.test.context.BootstrapUtils - Instantiating TestContextBootstrapper for test class [com.mindhub.homebanking.HomebankingApplicationTests] from class [org.springframework.boot.test.context.SpringBootTestContextBootstrapper]
17:09:41.233 [Test worker] INFO org.springframework.boot.test.context.SpringBootTestContextBootstrapper - Neither @ContextConfiguration nor @ContextHierarchy found for test class [com.mindhub.homebanking.HomebankingApplicationTests], using SpringBootContextLoader
17:09:41.241 [Test worker] DEBUG org.springframework.test.context.support.AbstractContextLoader - Did not detect default resource location for test class [com.mindhub.homebanking.HomebankingApplicationTests]: class path resource [com/mindhub/homebanking/HomebankingApplicationTests-context.xml] does not exist
17:09:41.241 [Test worker] DEBUG org.springframework.test.context.support.AbstractContextLoader - Did not detect default resource location for test class [com.mindhub.homebanking.HomebankingApplicationTests]: class path resource [com/mindhub/homebanking/HomebankingApplicationTestsContext.groovy] does not exist
17:09:41.242 [Test worker] INFO org.springframework.test.context.support.AbstractContextLoader - Could not detect default resource locations for test class [com.mindhub.homebanking.HomebankingApplicationTests]: no resource found for suffixes {-context.xml, Context.groovy}.
17:09:41.243 [Test worker] INFO org.springframework.test.context.support.AnnotationConfigContextLoaderUtils - Could not detect default configuration classes for test class [com.mindhub.homebanking.HomebankingApplicationTests]: HomebankingApplicationTests does not declare any static, non-private, non-final, nested classes annotated with @Configuration.
17:09:41.314 [Test worker] DEBUG org.springframework.test.context.support.ActiveProfilesUtils - Could not find an 'annotation declaring class' for annotation type [org.springframework.test.context.ActiveProfiles] and class [com.mindhub.homebanking.HomebankingApplicationTests]
17:09:41.416 [Test worker] DEBUG org.springframework.context.annotation.ClassPathScanningCandidateComponentProvider - Identified candidate component class: file [G:\Otros ordenadores\Mi portátil\MindHub\homebanking\build\classes\java\main\com\mindhub\homebanking\HomebankingApplication.class]
17:09:41.419 [Test worker] INFO org.springframework.boot.test.context.SpringBootTestContextBootstrapper - Found @SpringBootConfiguration com.mindhub.homebanking.HomebankingApplication for test class com.mindhub.homebanking.HomebankingApplicationTests
17:09:41.574 [Test worker] DEBUG org.springframework.boot.test.context.SpringBootTestContextBootstrapper - @TestExecutionListeners is not present for class [com.mindhub.homebanking.HomebankingApplicationTests]: using defaults.
17:09:41.575 [Test worker] INFO org.springframework.boot.test.context.SpringBootTestContextBootstrapper - Loaded default TestExecutionListener class names from location [META-INF/spring.factories]: [org.springframework.boot.test.autoconfigure.restdocs.RestDocsTestExecutionListener, org.springframework.boot.test.autoconfigure.web.client.MockRestServiceServerResetTestExecutionListener, org.springframework.boot.test.autoconfigure.web.servlet.MockMvcPrintOnlyOnFailureTestExecutionListener, org.springframework.boot.test.autoconfigure.web.servlet.WebDriverTestExecutionListener, org.springframework.boot.test.autoconfigure.webservices.client.MockWebServiceServerTestExecutionListener, org.springframework.boot.test.mock.mockito.MockitoTestExecutionListener, org.springframework.boot.test.mock.mockito.ResetMocksTestExecutionListener, org.springframework.test.context.web.ServletTestExecutionListener, org.springframework.test.context.support.DirtiesContextBeforeModesTestExecutionListener, org.springframework.test.context.event.ApplicationEventsTestExecutionListener, org.springframework.test.context.support.DependencyInjectionTestExecutionListener, org.springframework.test.context.support.DirtiesContextTestExecutionListener, org.springframework.test.context.transaction.TransactionalTestExecutionListener, org.springframework.test.context.jdbc.SqlScriptsTestExecutionListener, org.springframework.test.context.event.EventPublishingTestExecutionListener]
17:09:41.601 [Test worker] INFO org.springframework.boot.test.context.SpringBootTestContextBootstrapper - Using TestExecutionListeners: [org.springframework.test.context.web.ServletTestExecutionListener@41fe9859, org.springframework.test.context.support.DirtiesContextBeforeModesTestExecutionListener@5ac86ba5, org.springframework.test.context.event.ApplicationEventsTestExecutionListener@6c67e137, org.springframework.boot.test.mock.mockito.MockitoTestExecutionListener@2c9399a4, org.springframework.boot.test.autoconfigure.SpringBootDependencyInjectionTestExecutionListener@191ae03f, org.springframework.test.context.support.DirtiesContextTestExecutionListener@9635fa, org.springframework.test.context.transaction.TransactionalTestExecutionListener@53ab0286, org.springframework.test.context.jdbc.SqlScriptsTestExecutionListener@63c5efee, org.springframework.test.context.event.EventPublishingTestExecutionListener@2d10e0b1, org.springframework.boot.test.autoconfigure.restdocs.RestDocsTestExecutionListener@1c98290c, org.springframework.boot.test.autoconfigure.web.client.MockRestServiceServerResetTestExecutionListener@172ca72b, org.springframework.boot.test.autoconfigure.web.servlet.MockMvcPrintOnlyOnFailureTestExecutionListener@5bda80bf, org.springframework.boot.test.autoconfigure.web.servlet.WebDriverTestExecutionListener@71e5f61d, org.springframework.boot.test.autoconfigure.webservices.client.MockWebServiceServerTestExecutionListener@2ce86164, org.springframework.boot.test.mock.mockito.ResetMocksTestExecutionListener@5e8f9e2d]
17:09:41.607 [Test worker] DEBUG org.springframework.test.context.support.AbstractDirtiesContextTestExecutionListener - Before test class: context [DefaultTestContext@2552f2cb testClass = HomebankingApplicationTests, testInstance = [null], testMethod = [null], testException = [null], mergedContextConfiguration = [WebMergedContextConfiguration@33352f32 testClass = HomebankingApplicationTests, locations = '{}', classes = '{class com.mindhub.homebanking.HomebankingApplication}', contextInitializerClasses = '[]', activeProfiles = '{}', propertySourceLocations = '{}', propertySourceProperties = '{org.springframework.boot.test.context.SpringBootTestContextBootstrapper=true}', contextCustomizers = set[org.springframework.boot.test.autoconfigure.actuate.metrics.MetricsExportContextCustomizerFactory$DisableMetricExportContextCustomizer@77d67cf3, org.springframework.boot.test.autoconfigure.properties.PropertyMappingContextCustomizer@0, org.springframework.boot.test.autoconfigure.web.servlet.WebDriverContextCustomizerFactory$Customizer@7e3181aa, org.springframework.boot.test.context.filter.ExcludeFilterContextCustomizer@8dbfffb, org.springframework.boot.test.json.DuplicateJsonObjectContextCustomizerFactory$DuplicateJsonObjectContextCustomizer@59b38691, org.springframework.boot.test.mock.mockito.MockitoContextCustomizer@0, org.springframework.boot.test.web.client.TestRestTemplateContextCustomizer@55322aab, org.springframework.boot.test.context.SpringBootTestArgs@1, org.springframework.boot.test.context.SpringBootTestWebEnvironment@f736069], resourceBasePath = 'src/main/webapp', contextLoader = 'org.springframework.boot.test.context.SpringBootContextLoader', parent = [null]], attributes = map['org.springframework.test.context.web.ServletTestExecutionListener.activateListener' -> true]], class annotated with @DirtiesContext [false] with mode [null].

  .   ____          _            __ _ _
 /\\ / ___'_ __ _ _(_)_ __  __ _ \ \ \ \
( ( )\___ | '_ | '_| | '_ \/ _` | \ \ \ \
 \\/  ___)| |_)| | | | | || (_| |  ) ) ) )
  '  |____| .__|_| |_|_| |_\__, | / / / /
 =========|_|==============|___/=/_/_/_/
 :: Spring Boot ::                (v2.7.5)

2023-01-22 17:09:42.027  INFO 8404 --- [    Test worker] c.m.h.HomebankingApplicationTests        : Starting HomebankingApplicationTests using Java 17.0.5 on Lucia with PID 8404 (started by lucit in G:\Otros ordenadores\Mi portátil\MindHub\homebanking)
2023-01-22 17:09:42.029  INFO 8404 --- [    Test worker] c.m.h.HomebankingApplicationTests        : No active profile set, falling back to 1 default profile: "default"
2023-01-22 17:09:43.301  INFO 8404 --- [    Test worker] .s.d.r.c.RepositoryConfigurationDelegate : Bootstrapping Spring Data JPA repositories in DEFAULT mode.
2023-01-22 17:09:43.485  INFO 8404 --- [    Test worker] .s.d.r.c.RepositoryConfigurationDelegate : Finished Spring Data repository scanning in 169 ms. Found 8 JPA repository interfaces.
2023-01-22 17:09:44.387  INFO 8404 --- [    Test worker] com.zaxxer.hikari.HikariDataSource       : HikariPool-1 - Starting...
2023-01-22 17:09:44.719  INFO 8404 --- [    Test worker] com.zaxxer.hikari.HikariDataSource       : HikariPool-1 - Start completed.
2023-01-22 17:09:44.915  INFO 8404 --- [    Test worker] o.hibernate.jpa.internal.util.LogHelper  : HHH000204: Processing PersistenceUnitInfo [name: default]
2023-01-22 17:09:45.130  INFO 8404 --- [    Test worker] org.hibernate.Version                    : HHH000412: Hibernate ORM core version 5.6.12.Final
2023-01-22 17:09:45.476  INFO 8404 --- [    Test worker] o.hibernate.annotations.common.Version   : HCANN000001: Hibernate Commons Annotations {5.1.2.Final}
2023-01-22 17:09:45.763  INFO 8404 --- [    Test worker] org.hibernate.dialect.Dialect            : HHH000400: Using dialect: org.hibernate.dialect.H2Dialect
2023-01-22 17:09:47.016  INFO 8404 --- [    Test worker] o.h.e.t.j.p.i.JtaPlatformInitiator       : HHH000490: Using JtaPlatform implementation: [org.hibernate.engine.transaction.jta.platform.internal.NoJtaPlatform]
2023-01-22 17:09:47.032  INFO 8404 --- [    Test worker] j.LocalContainerEntityManagerFactoryBean : Initialized JPA EntityManagerFactory for persistence unit 'default'
2023-01-22 17:09:47.891  WARN 8404 --- [    Test worker] JpaBaseConfiguration$JpaWebConfiguration : spring.jpa.open-in-view is enabled by default. Therefore, database queries may be performed during view rendering. Explicitly configure spring.jpa.open-in-view to disable this warning
2023-01-22 17:09:49.583  INFO 8404 --- [    Test worker] o.s.s.web.DefaultSecurityFilterChain     : Will secure any request with [org.springframework.security.web.session.DisableEncodeUrlFilter@11a29c0, org.springframework.security.web.context.request.async.WebAsyncManagerIntegrationFilter@1fc4b8d6, org.springframework.security.web.context.SecurityContextPersistenceFilter@14b4b25e, org.springframework.security.web.header.HeaderWriterFilter@4dc16fc9, org.springframework.security.web.authentication.logout.LogoutFilter@6447dc25, org.springframework.security.web.authentication.UsernamePasswordAuthenticationFilter@7fa2473a, org.springframework.security.web.authentication.www.BasicAuthenticationFilter@48224381, org.springframework.security.web.savedrequest.RequestCacheAwareFilter@19ee0a2f, org.springframework.security.web.servletapi.SecurityContextHolderAwareRequestFilter@3549c070, org.springframework.security.web.authentication.AnonymousAuthenticationFilter@77185a2, org.springframework.security.web.session.SessionManagementFilter@613ba54e, org.springframework.security.web.access.ExceptionTranslationFilter@66c32e15, org.springframework.security.web.access.intercept.FilterSecurityInterceptor@6bc08a77]
2023-01-22 17:09:50.615  INFO 8404 --- [    Test worker] o.s.b.a.h2.H2ConsoleAutoConfiguration    : H2 console available at '/h2-console'. Database available at 'jdbc:h2:mem:homebanking'
2023-01-22 17:09:50.632  INFO 8404 --- [    Test worker] o.s.b.a.w.s.WelcomePageHandlerMapping    : Adding welcome page: class path resource [static/index.html]
2023-01-22 17:09:51.493  INFO 8404 --- [    Test worker] c.m.h.HomebankingApplicationTests        : Started HomebankingApplicationTests in 9.831 seconds (JVM running for 11.171)
]]></system-out>
  <system-err><![CDATA[]]></system-err>
</testsuite>
